This is pdfTeX, Version 3.141592653-2.6-1.40.25 (MiKTeX 23.10) (preloaded format=pdflatex 2023.10.23)  9 SEP 2024 17:11
entering extended mode
 restricted \write18 enabled.
 file:line:error style messages enabled.
 %&-line parsing enabled.
**"c:/Users/youss/Documents/Linear Regression/LaTeX/Linear Regression.tex"
(c:/Users/youss/Documents/Linear Regression/LaTeX/Linear Regression.tex
LaTeX2e <2023-06-01> patch level 1
L3 programming layer <2023-08-29>
(C:\Users\youss\AppData\Local\Programs\MiKTeX\tex/latex/base\article.cls
Document Class: article 2023/05/17 v1.4n Standard LaTeX document class
(C:\Users\youss\AppData\Local\Programs\MiKTeX\tex/latex/base\size10.clo
File: size10.clo 2023/05/17 v1.4n Standard LaTeX file (size option)
)
\c@part=\count185
\c@section=\count186
\c@subsection=\count187
\c@subsubsection=\count188
\c@paragraph=\count189
\c@subparagraph=\count190
\c@figure=\count191
\c@table=\count192
\abovecaptionskip=\skip48
\belowcaptionskip=\skip49
\bibindent=\dimen140
)
\c@theorem=\count193
\c@corollary=\count194

(C:\Users\youss\AppData\Local\Programs\MiKTeX\tex/latex/listings\listings.sty
(C:\Users\youss\AppData\Local\Programs\MiKTeX\tex/latex/graphics\keyval.sty
Package: keyval 2022/05/29 v1.15 key=value parser (DPC)
\KV@toks@=\toks17
)
\lst@mode=\count195
\lst@gtempboxa=\box51
\lst@token=\toks18
\lst@length=\count196
\lst@currlwidth=\dimen141
\lst@column=\count197
\lst@pos=\count198
\lst@lostspace=\dimen142
\lst@width=\dimen143
\lst@newlines=\count199
\lst@lineno=\count266
\lst@maxwidth=\dimen144

(C:\Users\youss\AppData\Local\Programs\MiKTeX\tex/latex/listings\lstmisc.sty
File: lstmisc.sty 2023/02/27 1.9 (Carsten Heinz)
\c@lstnumber=\count267
\lst@skipnumbers=\count268
\lst@framebox=\box52
)
(C:\Users\youss\AppData\Local\Programs\MiKTeX\tex/latex/listings\listings.cfg
File: listings.cfg 2023/02/27 1.9 listings configuration
))
Package: listings 2023/02/27 1.9 (Carsten Heinz)
(C:\Users\youss\AppData\Local\Programs\MiKTeX\tex/latex/graphics\color.sty
Package: color 2022/01/06 v1.3d Standard LaTeX Color (DPC)

(C:\Users\youss\AppData\Local\Programs\MiKTeX\tex/latex/graphics-cfg\color.cfg
File: color.cfg 2016/01/02 v1.6 sample color configuration
)
Package color Info: Driver file: pdftex.def on input line 149.

(C:\Users\youss\AppData\Local\Programs\MiKTeX\tex/latex/graphics-def\pdftex.def
File: pdftex.def 2022/09/22 v1.2b Graphics/color driver for pdftex
)
(C:\Users\youss\AppData\Local\Programs\MiKTeX\tex/latex/graphics\mathcolor.ltx)
) (C:\Users\youss\AppData\Local\Programs\MiKTeX\tex/latex/graphics\graphicx.sty
Package: graphicx 2021/09/16 v1.2d Enhanced LaTeX Graphics (DPC,SPQR)
(C:\Users\youss\AppData\Local\Programs\MiKTeX\tex/latex/graphics\graphics.sty
Package: graphics 2022/03/10 v1.4e Standard LaTeX Graphics (DPC,SPQR)

(C:\Users\youss\AppData\Local\Programs\MiKTeX\tex/latex/graphics\trig.sty
Package: trig 2021/08/11 v1.11 sin cos tan (DPC)
)
(C:\Users\youss\AppData\Local\Programs\MiKTeX\tex/latex/graphics-cfg\graphics.c
fg
File: graphics.cfg 2016/06/04 v1.11 sample graphics configuration
)
Package graphics Info: Driver file: pdftex.def on input line 107.
)
\Gin@req@height=\dimen145
\Gin@req@width=\dimen146
)
(C:\Users\youss\AppData\Local\Programs\MiKTeX\tex/latex/caption\subcaption.sty
Package: subcaption 2023/07/28 v1.6b Sub-captions (AR)

(C:\Users\youss\AppData\Local\Programs\MiKTeX\tex/latex/caption\caption.sty
Package: caption 2023/08/05 v3.6o Customizing captions (AR)

(C:\Users\youss\AppData\Local\Programs\MiKTeX\tex/latex/caption\caption3.sty
Package: caption3 2023/07/31 v2.4d caption3 kernel (AR)
\caption@tempdima=\dimen147
\captionmargin=\dimen148
\caption@leftmargin=\dimen149
\caption@rightmargin=\dimen150
\caption@width=\dimen151
\caption@indent=\dimen152
\caption@parindent=\dimen153
\caption@hangindent=\dimen154
Package caption Info: Standard document class detected.
)
\c@caption@flags=\count269
\c@continuedfloat=\count270
Package caption Info: listings package is loaded.
)
Package caption Info: New subtype `subfigure' on input line 238.
\c@subfigure=\count271
Package caption Info: New subtype `subtable' on input line 238.
\c@subtable=\count272
) (C:\Users\youss\AppData\Local\Programs\MiKTeX\tex/latex/float\float.sty
Package: float 2001/11/08 v1.3d Float enhancements (AL)
\c@float@type=\count273
\float@exts=\toks19
\float@box=\box53
\@float@everytoks=\toks20
\@floatcapt=\box54
)
(C:\Users\youss\AppData\Local\Programs\MiKTeX\tex/latex/listings\lstlang1.sty
File: lstlang1.sty 2023/02/27 1.9 listings language file
)
(C:\Users\youss\AppData\Local\Programs\MiKTeX\tex/latex/l3backend\l3backend-pdf
tex.def
File: l3backend-pdftex.def 2023-04-19 L3 backend support: PDF output (pdfTeX)
\l__color_backend_stack_int=\count274
\l__pdf_internal_box=\box55
) (Linear Regression.aux)
\openout1 = `"Linear Regression.aux"'.

LaTeX Font Info:    Checking defaults for OML/cmm/m/it on input line 34.
LaTeX Font Info:    ... okay on input line 34.
LaTeX Font Info:    Checking defaults for OMS/cmsy/m/n on input line 34.
LaTeX Font Info:    ... okay on input line 34.
LaTeX Font Info:    Checking defaults for OT1/cmr/m/n on input line 34.
LaTeX Font Info:    ... okay on input line 34.
LaTeX Font Info:    Checking defaults for T1/cmr/m/n on input line 34.
LaTeX Font Info:    ... okay on input line 34.
LaTeX Font Info:    Checking defaults for TS1/cmr/m/n on input line 34.
LaTeX Font Info:    ... okay on input line 34.
LaTeX Font Info:    Checking defaults for OMX/cmex/m/n on input line 34.
LaTeX Font Info:    ... okay on input line 34.
LaTeX Font Info:    Checking defaults for U/cmr/m/n on input line 34.
LaTeX Font Info:    ... okay on input line 34.
\c@lstlisting=\count275

(C:\Users\youss\AppData\Local\Programs\MiKTeX\tex/context/base/mkii\supp-pdf.mk
ii
[Loading MPS to PDF converter (version 2006.09.02).]
\scratchcounter=\count276
\scratchdimen=\dimen155
\scratchbox=\box56
\nofMPsegments=\count277
\nofMParguments=\count278
\everyMPshowfont=\toks21
\MPscratchCnt=\count279
\MPscratchDim=\dimen156
\MPnumerator=\count280
\makeMPintoPDFobject=\count281
\everyMPtoPDFconversion=\toks22
)
(C:\Users\youss\AppData\Local\Programs\MiKTeX\tex/latex/epstopdf-pkg\epstopdf-b
ase.sty
Package: epstopdf-base 2020-01-24 v2.11 Base part for package epstopdf
Package epstopdf-base Info: Redefining graphics rule for `.eps' on input line 4
85.

(C:\Users\youss\AppData\Local\Programs\MiKTeX\tex/latex/00miktex\epstopdf-sys.c
fg
File: epstopdf-sys.cfg 2021/03/18 v2.0 Configuration of epstopdf for MiKTeX
))
Package caption Info: Begin \AtBeginDocument code.
Package caption Info: float package is loaded.
Package caption Info: End \AtBeginDocument code.
LaTeX Font Info:    External font `cmex10' loaded for size
(Font)              <12> on input line 37.
LaTeX Font Info:    External font `cmex10' loaded for size
(Font)              <8> on input line 37.
LaTeX Font Info:    External font `cmex10' loaded for size
(Font)              <6> on input line 37.
 (Linear Regression.toc
LaTeX Font Info:    External font `cmex10' loaded for size
(Font)              <7> on input line 3.
LaTeX Font Info:    External font `cmex10' loaded for size
(Font)              <5> on input line 3.
)
\tf@toc=\write3
\openout3 = `"Linear Regression.toc"'.

 [1

{C:/Users/youss/AppData/Local/MiKTeX/fonts/map/pdftex/pdftex.map}] (Abstract.te
x) (Theory.tex
Underfull \hbox (badness 10000) in paragraph at lines 6--9

 []


Underfull \hbox (badness 10000) in paragraph at lines 11--14

 []


Underfull \hbox (badness 10000) in paragraph at lines 11--14

 []


Underfull \hbox (badness 10000) in paragraph at lines 11--14

 []


Underfull \hbox (badness 10000) in paragraph at lines 11--14

 []

[2])
Underfull \hbox (badness 10000) in paragraph at lines 30--49

 []

(Matrices.tex [3] [4]
Overfull \hbox (63.23462pt too wide) in paragraph at lines 97--99
[][][][][][][][][][][][][][][][][][][][][][][][][][][][][]  
 []

[5]
Underfull \hbox (badness 10000) in paragraph at lines 111--113

 []

[6]) (Data.tex [7]) (Prediction.tex
<./Figures/One Variable Original.png, id=37, 462.528pt x 346.896pt>
File: ./Figures/One Variable Original.png Graphic file (type png)
<use ./Figures/One Variable Original.png>
Package pdftex.def Info: ./Figures/One Variable Original.png  used on input lin
e 23.
(pdftex.def)             Requested size: 185.0079pt x 138.75594pt.

Overfull \hbox (12.5079pt too wide) in paragraph at lines 23--24
 [][] 
 []

<./Figures/One Variable Best Fit.png, id=39, 462.528pt x 346.896pt>
File: ./Figures/One Variable Best Fit.png Graphic file (type png)
<use ./Figures/One Variable Best Fit.png>
Package pdftex.def Info: ./Figures/One Variable Best Fit.png  used on input lin
e 28.
(pdftex.def)             Requested size: 185.0079pt x 138.75594pt.

Overfull \hbox (12.5079pt too wide) in paragraph at lines 28--29
 [][] 
 []


LaTeX Warning: `!h' float specifier changed to `!ht'.

[8] [9 <./Figures/One Variable Original.png> <./Figures/One Variable Best Fit.p
ng>]
<./Figures/Two Variable Original.png, id=49, 462.528pt x 346.896pt>
File: ./Figures/Two Variable Original.png Graphic file (type png)
<use ./Figures/Two Variable Original.png>
Package pdftex.def Info: ./Figures/Two Variable Original.png  used on input lin
e 74.
(pdftex.def)             Requested size: 185.0079pt x 138.75594pt.

Overfull \hbox (12.5079pt too wide) in paragraph at lines 74--75
 [][] 
 []

<./Figures/Two Variable Predicted.png, id=50, 462.528pt x 346.896pt>
File: ./Figures/Two Variable Predicted.png Graphic file (type png)
<use ./Figures/Two Variable Predicted.png>
Package pdftex.def Info: ./Figures/Two Variable Predicted.png  used on input li
ne 79.
(pdftex.def)             Requested size: 185.0079pt x 138.75594pt.

Overfull \hbox (12.5079pt too wide) in paragraph at lines 79--80
 [][] 
 []

[10 <./Figures/Two Variable Original.png> <./Figures/Two Variable Predicted.png
>]) (Evaluation.tex
File: ./Figures/One Variable Best Fit.png Graphic file (type png)
<use ./Figures/One Variable Best Fit.png>
Package pdftex.def Info: ./Figures/One Variable Best Fit.png  used on input lin
e 26.
(pdftex.def)             Requested size: 185.0079pt x 138.75594pt.

Overfull \hbox (12.5079pt too wide) in paragraph at lines 26--27
 [][] 
 []

<./Figures/One Variable Correct.png, id=56, 462.528pt x 346.896pt>
File: ./Figures/One Variable Correct.png Graphic file (type png)
<use ./Figures/One Variable Correct.png>
Package pdftex.def Info: ./Figures/One Variable Correct.png  used on input line
 31.
(pdftex.def)             Requested size: 185.0079pt x 138.75594pt.

Overfull \hbox (12.5079pt too wide) in paragraph at lines 31--32
 [][] 
 []


LaTeX Warning: `!h' float specifier changed to `!ht'.

File: ./Figures/Two Variable Predicted.png Graphic file (type png)
<use ./Figures/Two Variable Predicted.png>
Package pdftex.def Info: ./Figures/Two Variable Predicted.png  used on input li
ne 41.
(pdftex.def)             Requested size: 185.0079pt x 138.75594pt.

Overfull \hbox (12.5079pt too wide) in paragraph at lines 41--42
 [][] 
 []

<./Figures/Two Variable Corrected.png, id=57, 462.528pt x 346.896pt>
File: ./Figures/Two Variable Corrected.png Graphic file (type png)
<use ./Figures/Two Variable Corrected.png>
Package pdftex.def Info: ./Figures/Two Variable Corrected.png  used on input li
ne 46.
(pdftex.def)             Requested size: 185.0079pt x 138.75594pt.

Overfull \hbox (12.5079pt too wide) in paragraph at lines 46--47
 [][] 
 []

) (Polynomial.tex
Underfull \hbox (badness 10000) in paragraph at lines 2--10

 []

[11] [12 <./Figures/One Variable Correct.png> <./Figures/Two Variable Corrected
.png>] [13] [14]
<./Figures/NonLinear Original.png, id=73, 462.528pt x 346.896pt>
File: ./Figures/NonLinear Original.png Graphic file (type png)
<use ./Figures/NonLinear Original.png>
Package pdftex.def Info: ./Figures/NonLinear Original.png  used on input line 1
03.
(pdftex.def)             Requested size: 172.5pt x 129.37639pt.
<./Figures/Non Linear Fit.png, id=74, 462.528pt x 346.896pt>
File: ./Figures/Non Linear Fit.png Graphic file (type png)
<use ./Figures/Non Linear Fit.png>
Package pdftex.def Info: ./Figures/Non Linear Fit.png  used on input line 108.
(pdftex.def)             Requested size: 172.5pt x 129.37639pt.
) (Conclusion.tex) [15 <./Figures/NonLinear Original.png> <./Figures/Non Linear
 Fit.png>] (Appendix.tex
Underfull \hbox (badness 10000) in paragraph at lines 2--6

 []


Underfull \hbox (badness 10000) in paragraph at lines 13--15

 []

) [16] (Linear Regression.aux)
 ***********
LaTeX2e <2023-06-01> patch level 1
L3 programming layer <2023-08-29>
 ***********
 ) 
Here is how much of TeX's memory you used:
 4971 strings out of 475248
 82590 string characters out of 5757812
 1985785 words of memory out of 5000000
 26465 multiletter control sequences out of 15000+600000
 563136 words of font info for 53 fonts, out of 8000000 for 9000
 1141 hyphenation exceptions out of 8191
 67i,10n,77p,512b,1786s stack positions out of 10000i,1000n,20000p,200000b,200000s
<C:/Users/youss/AppData/Local/Programs/MiKTeX/fonts/type1/public/amsfonts/cm/
cmbx10.pfb><C:/Users/youss/AppData/Local/Programs/MiKTeX/fonts/type1/public/ams
fonts/cm/cmbx12.pfb><C:/Users/youss/AppData/Local/Programs/MiKTeX/fonts/type1/p
ublic/amsfonts/cm/cmex10.pfb><C:/Users/youss/AppData/Local/Programs/MiKTeX/font
s/type1/public/amsfonts/cm/cmmi10.pfb><C:/Users/youss/AppData/Local/Programs/Mi
KTeX/fonts/type1/public/amsfonts/cm/cmmi7.pfb><C:/Users/youss/AppData/Local/Pro
grams/MiKTeX/fonts/type1/public/amsfonts/cm/cmr10.pfb><C:/Users/youss/AppData/L
ocal/Programs/MiKTeX/fonts/type1/public/amsfonts/cm/cmr12.pfb><C:/Users/youss/A
ppData/Local/Programs/MiKTeX/fonts/type1/public/amsfonts/cm/cmr17.pfb><C:/Users
/youss/AppData/Local/Programs/MiKTeX/fonts/type1/public/amsfonts/cm/cmr7.pfb><C
:/Users/youss/AppData/Local/Programs/MiKTeX/fonts/type1/public/amsfonts/cm/cmr9
.pfb><C:/Users/youss/AppData/Local/Programs/MiKTeX/fonts/type1/public/amsfonts/
cm/cmsy10.pfb><C:/Users/youss/AppData/Local/Programs/MiKTeX/fonts/type1/public/
amsfonts/cm/cmsy7.pfb><C:/Users/youss/AppData/Local/Programs/MiKTeX/fonts/type1
/public/amsfonts/cm/cmti10.pfb><C:/Users/youss/AppData/Local/Programs/MiKTeX/fo
nts/type1/public/amsfonts/cm/cmtt9.pfb>
Output written on "Linear Regression.pdf" (16 pages, 854049 bytes).
PDF statistics:
 141 PDF objects out of 1000 (max. 8388607)
 0 named destinations out of 1000 (max. 500000)
 41 words of extra memory for PDF output out of 10000 (max. 10000000)

